<?xml version="1.0" encoding="UTF-8"?>
<testsuite xmlns:xsi="http://www.w3.org/2001/XMLSchema-instance" xsi:noNamespaceSchemaLocation="https://maven.apache.org/surefire/maven-surefire-plugin/xsd/surefire-test-report.xsd" version="3.0.2" name="medcom.dk.ApplicationTest" time="2.676" tests="1" errors="0" skipped="0" failures="0">
  <properties>
    <property name="java.specification.version" value="17"/>
    <property name="sun.jnu.encoding" value="UTF-8"/>
    <property name="java.class.path" value="/home/olw/development/Misc/ITBTestBed/services/JSONPathProcessor/ehmi-test-services/target/test-classes:/home/olw/development/Misc/ITBTestBed/services/JSONPathProcessor/ehmi-test-services/target/classes:/home/olw/.m2/repository/org/springframework/boot/spring-boot-starter/3.5.3/spring-boot-starter-3.5.3.jar:/home/olw/.m2/repository/org/springframework/boot/spring-boot/3.5.3/spring-boot-3.5.3.jar:/home/olw/.m2/repository/org/springframework/spring-context/6.2.8/spring-context-6.2.8.jar:/home/olw/.m2/repository/org/springframework/spring-aop/6.2.8/spring-aop-6.2.8.jar:/home/olw/.m2/repository/org/springframework/spring-beans/6.2.8/spring-beans-6.2.8.jar:/home/olw/.m2/repository/org/springframework/spring-expression/6.2.8/spring-expression-6.2.8.jar:/home/olw/.m2/repository/io/micrometer/micrometer-observation/1.15.1/micrometer-observation-1.15.1.jar:/home/olw/.m2/repository/io/micrometer/micrometer-commons/1.15.1/micrometer-commons-1.15.1.jar:/home/olw/.m2/repository/org/springframework/boot/spring-boot-autoconfigure/3.5.3/spring-boot-autoconfigure-3.5.3.jar:/home/olw/.m2/repository/org/springframework/boot/spring-boot-starter-logging/3.5.3/spring-boot-starter-logging-3.5.3.jar:/home/olw/.m2/repository/ch/qos/logback/logback-classic/1.5.18/logback-classic-1.5.18.jar:/home/olw/.m2/repository/ch/qos/logback/logback-core/1.5.18/logback-core-1.5.18.jar:/home/olw/.m2/repository/org/apache/logging/log4j/log4j-to-slf4j/2.24.3/log4j-to-slf4j-2.24.3.jar:/home/olw/.m2/repository/org/apache/logging/log4j/log4j-api/2.24.3/log4j-api-2.24.3.jar:/home/olw/.m2/repository/org/slf4j/jul-to-slf4j/2.0.17/jul-to-slf4j-2.0.17.jar:/home/olw/.m2/repository/jakarta/annotation/jakarta.annotation-api/2.1.1/jakarta.annotation-api-2.1.1.jar:/home/olw/.m2/repository/org/springframework/spring-core/6.2.8/spring-core-6.2.8.jar:/home/olw/.m2/repository/org/springframework/spring-jcl/6.2.8/spring-jcl-6.2.8.jar:/home/olw/.m2/repository/org/yaml/snakeyaml/2.4/snakeyaml-2.4.jar:/home/olw/.m2/repository/eu/europa/ec/itb/gitb-types-jakarta/1.27.1/gitb-types-jakarta-1.27.1.jar:/home/olw/.m2/repository/jakarta/xml/bind/jakarta.xml.bind-api/4.0.2/jakarta.xml.bind-api-4.0.2.jar:/home/olw/.m2/repository/jakarta/activation/jakarta.activation-api/2.1.3/jakarta.activation-api-2.1.3.jar:/home/olw/.m2/repository/jakarta/xml/ws/jakarta.xml.ws-api/4.0.2/jakarta.xml.ws-api-4.0.2.jar:/home/olw/.m2/repository/jakarta/xml/soap/jakarta.xml.soap-api/3.0.2/jakarta.xml.soap-api-3.0.2.jar:/home/olw/.m2/repository/org/apache/cxf/cxf-spring-boot-starter-jaxws/4.1.2/cxf-spring-boot-starter-jaxws-4.1.2.jar:/home/olw/.m2/repository/org/springframework/boot/spring-boot-starter-web/3.5.3/spring-boot-starter-web-3.5.3.jar:/home/olw/.m2/repository/org/springframework/boot/spring-boot-starter-json/3.5.3/spring-boot-starter-json-3.5.3.jar:/home/olw/.m2/repository/com/fasterxml/jackson/core/jackson-databind/2.19.1/jackson-databind-2.19.1.jar:/home/olw/.m2/repository/com/fasterxml/jackson/core/jackson-annotations/2.19.1/jackson-annotations-2.19.1.jar:/home/olw/.m2/repository/com/fasterxml/jackson/core/jackson-core/2.19.1/jackson-core-2.19.1.jar:/home/olw/.m2/repository/com/fasterxml/jackson/datatype/jackson-datatype-jdk8/2.19.1/jackson-datatype-jdk8-2.19.1.jar:/home/olw/.m2/repository/com/fasterxml/jackson/datatype/jackson-datatype-jsr310/2.19.1/jackson-datatype-jsr310-2.19.1.jar:/home/olw/.m2/repository/com/fasterxml/jackson/module/jackson-module-parameter-names/2.19.1/jackson-module-parameter-names-2.19.1.jar:/home/olw/.m2/repository/org/springframework/boot/spring-boot-starter-tomcat/3.5.3/spring-boot-starter-tomcat-3.5.3.jar:/home/olw/.m2/repository/org/apache/tomcat/embed/tomcat-embed-core/10.1.42/tomcat-embed-core-10.1.42.jar:/home/olw/.m2/repository/org/apache/tomcat/embed/tomcat-embed-websocket/10.1.42/tomcat-embed-websocket-10.1.42.jar:/home/olw/.m2/repository/org/springframework/spring-web/6.2.8/spring-web-6.2.8.jar:/home/olw/.m2/repository/org/springframework/spring-webmvc/6.2.8/spring-webmvc-6.2.8.jar:/home/olw/.m2/repository/org/apache/cxf/cxf-spring-boot-autoconfigure/4.1.2/cxf-spring-boot-autoconfigure-4.1.2.jar:/home/olw/.m2/repository/org/apache/cxf/cxf-rt-transports-http/4.1.2/cxf-rt-transports-http-4.1.2.jar:/home/olw/.m2/repository/org/apache/cxf/cxf-core/4.1.2/cxf-core-4.1.2.jar:/home/olw/.m2/repository/org/glassfish/jaxb/jaxb-runtime/4.0.5/jaxb-runtime-4.0.5.jar:/home/olw/.m2/repository/org/glassfish/jaxb/jaxb-core/4.0.5/jaxb-core-4.0.5.jar:/home/olw/.m2/repository/org/glassfish/jaxb/txw2/4.0.5/txw2-4.0.5.jar:/home/olw/.m2/repository/com/sun/istack/istack-commons-runtime/4.1.2/istack-commons-runtime-4.1.2.jar:/home/olw/.m2/repository/com/fasterxml/woodstox/woodstox-core/7.1.0/woodstox-core-7.1.0.jar:/home/olw/.m2/repository/org/codehaus/woodstox/stax2-api/4.2.2/stax2-api-4.2.2.jar:/home/olw/.m2/repository/org/apache/ws/xmlschema/xmlschema-core/2.3.1/xmlschema-core-2.3.1.jar:/home/olw/.m2/repository/org/apache/cxf/cxf-rt-frontend-jaxws/4.1.2/cxf-rt-frontend-jaxws-4.1.2.jar:/home/olw/.m2/repository/xml-resolver/xml-resolver/1.2/xml-resolver-1.2.jar:/home/olw/.m2/repository/org/ow2/asm/asm/9.8/asm-9.8.jar:/home/olw/.m2/repository/org/apache/cxf/cxf-rt-bindings-soap/4.1.2/cxf-rt-bindings-soap-4.1.2.jar:/home/olw/.m2/repository/org/apache/cxf/cxf-rt-wsdl/4.1.2/cxf-rt-wsdl-4.1.2.jar:/home/olw/.m2/repository/wsdl4j/wsdl4j/1.6.3/wsdl4j-1.6.3.jar:/home/olw/.m2/repository/org/apache/cxf/cxf-rt-databinding-jaxb/4.1.2/cxf-rt-databinding-jaxb-4.1.2.jar:/home/olw/.m2/repository/org/apache/cxf/cxf-rt-bindings-xml/4.1.2/cxf-rt-bindings-xml-4.1.2.jar:/home/olw/.m2/repository/org/apache/cxf/cxf-rt-frontend-simple/4.1.2/cxf-rt-frontend-simple-4.1.2.jar:/home/olw/.m2/repository/org/eclipse/angus/angus-mail/2.0.3/angus-mail-2.0.3.jar:/home/olw/.m2/repository/jakarta/mail/jakarta.mail-api/2.1.3/jakarta.mail-api-2.1.3.jar:/home/olw/.m2/repository/org/apache/cxf/cxf-rt-ws-addr/4.1.2/cxf-rt-ws-addr-4.1.2.jar:/home/olw/.m2/repository/org/apache/cxf/cxf-rt-ws-policy/4.1.2/cxf-rt-ws-policy-4.1.2.jar:/home/olw/.m2/repository/org/apache/neethi/neethi/3.2.1/neethi-3.2.1.jar:/home/olw/.m2/repository/org/eclipse/angus/angus-activation/2.0.2/angus-activation-2.0.2.jar:/home/olw/.m2/repository/org/apache/cxf/cxf-rt-features-metrics/4.1.2/cxf-rt-features-metrics-4.1.2.jar:/home/olw/.m2/repository/jakarta/validation/jakarta.validation-api/3.0.2/jakarta.validation-api-3.0.2.jar:/home/olw/.m2/repository/org/springframework/boot/spring-boot-starter-validation/3.5.3/spring-boot-starter-validation-3.5.3.jar:/home/olw/.m2/repository/org/apache/tomcat/embed/tomcat-embed-el/10.1.42/tomcat-embed-el-10.1.42.jar:/home/olw/.m2/repository/org/hibernate/validator/hibernate-validator/8.0.2.Final/hibernate-validator-8.0.2.Final.jar:/home/olw/.m2/repository/org/jboss/logging/jboss-logging/3.6.1.Final/jboss-logging-3.6.1.Final.jar:/home/olw/.m2/repository/com/fasterxml/classmate/1.7.0/classmate-1.7.0.jar:/home/olw/.m2/repository/org/springframework/boot/spring-boot-devtools/3.5.3/spring-boot-devtools-3.5.3.jar:/home/olw/.m2/repository/org/springframework/boot/spring-boot-starter-test/3.5.3/spring-boot-starter-test-3.5.3.jar:/home/olw/.m2/repository/org/springframework/boot/spring-boot-test/3.5.3/spring-boot-test-3.5.3.jar:/home/olw/.m2/repository/org/springframework/boot/spring-boot-test-autoconfigure/3.5.3/spring-boot-test-autoconfigure-3.5.3.jar:/home/olw/.m2/repository/com/jayway/jsonpath/json-path/2.9.0/json-path-2.9.0.jar:/home/olw/.m2/repository/org/slf4j/slf4j-api/2.0.17/slf4j-api-2.0.17.jar:/home/olw/.m2/repository/net/minidev/json-smart/2.5.2/json-smart-2.5.2.jar:/home/olw/.m2/repository/net/minidev/accessors-smart/2.5.2/accessors-smart-2.5.2.jar:/home/olw/.m2/repository/org/assertj/assertj-core/3.27.3/assertj-core-3.27.3.jar:/home/olw/.m2/repository/net/bytebuddy/byte-buddy/1.17.6/byte-buddy-1.17.6.jar:/home/olw/.m2/repository/org/awaitility/awaitility/4.2.2/awaitility-4.2.2.jar:/home/olw/.m2/repository/org/hamcrest/hamcrest/3.0/hamcrest-3.0.jar:/home/olw/.m2/repository/org/junit/jupiter/junit-jupiter/5.12.2/junit-jupiter-5.12.2.jar:/home/olw/.m2/repository/org/junit/jupiter/junit-jupiter-api/5.12.2/junit-jupiter-api-5.12.2.jar:/home/olw/.m2/repository/org/opentest4j/opentest4j/1.3.0/opentest4j-1.3.0.jar:/home/olw/.m2/repository/org/junit/platform/junit-platform-commons/1.12.2/junit-platform-commons-1.12.2.jar:/home/olw/.m2/repository/org/apiguardian/apiguardian-api/1.1.2/apiguardian-api-1.1.2.jar:/home/olw/.m2/repository/org/junit/jupiter/junit-jupiter-params/5.12.2/junit-jupiter-params-5.12.2.jar:/home/olw/.m2/repository/org/junit/jupiter/junit-jupiter-engine/5.12.2/junit-jupiter-engine-5.12.2.jar:/home/olw/.m2/repository/org/junit/platform/junit-platform-engine/1.12.2/junit-platform-engine-1.12.2.jar:/home/olw/.m2/repository/org/mockito/mockito-core/5.17.0/mockito-core-5.17.0.jar:/home/olw/.m2/repository/net/bytebuddy/byte-buddy-agent/1.17.6/byte-buddy-agent-1.17.6.jar:/home/olw/.m2/repository/org/objenesis/objenesis/3.3/objenesis-3.3.jar:/home/olw/.m2/repository/org/mockito/mockito-junit-jupiter/5.17.0/mockito-junit-jupiter-5.17.0.jar:/home/olw/.m2/repository/org/skyscreamer/jsonassert/1.5.3/jsonassert-1.5.3.jar:/home/olw/.m2/repository/com/vaadin/external/google/android-json/0.0.20131108.vaadin1/android-json-0.0.20131108.vaadin1.jar:/home/olw/.m2/repository/org/springframework/spring-test/6.2.8/spring-test-6.2.8.jar:/home/olw/.m2/repository/org/xmlunit/xmlunit-core/2.10.2/xmlunit-core-2.10.2.jar:"/>
    <property name="java.vm.vendor" value="Ubuntu"/>
    <property name="sun.arch.data.model" value="64"/>
    <property name="java.vendor.url" value="https://ubuntu.com/"/>
    <property name="user.timezone" value="Europe/Copenhagen"/>
    <property name="org.jboss.logging.provider" value="slf4j"/>
    <property name="os.name" value="Linux"/>
    <property name="java.vm.specification.version" value="17"/>
    <property name="sun.java.launcher" value="SUN_STANDARD"/>
    <property name="sun.boot.library.path" value="/usr/lib/jvm/java-17-openjdk-amd64/lib"/>
    <property name="sun.java.command" value="/home/olw/development/Misc/ITBTestBed/services/JSONPathProcessor/ehmi-test-services/target/surefire/surefirebooter-20250730110737212_3.jar /home/olw/development/Misc/ITBTestBed/services/JSONPathProcessor/ehmi-test-services/target/surefire 2025-07-30T11-07-36_648-jvmRun1 surefire-20250730110737212_1tmp surefire_0-20250730110737212_2tmp"/>
    <property name="jdk.debug" value="release"/>
    <property name="surefire.test.class.path" value="/home/olw/development/Misc/ITBTestBed/services/JSONPathProcessor/ehmi-test-services/target/test-classes:/home/olw/development/Misc/ITBTestBed/services/JSONPathProcessor/ehmi-test-services/target/classes:/home/olw/.m2/repository/org/springframework/boot/spring-boot-starter/3.5.3/spring-boot-starter-3.5.3.jar:/home/olw/.m2/repository/org/springframework/boot/spring-boot/3.5.3/spring-boot-3.5.3.jar:/home/olw/.m2/repository/org/springframework/spring-context/6.2.8/spring-context-6.2.8.jar:/home/olw/.m2/repository/org/springframework/spring-aop/6.2.8/spring-aop-6.2.8.jar:/home/olw/.m2/repository/org/springframework/spring-beans/6.2.8/spring-beans-6.2.8.jar:/home/olw/.m2/repository/org/springframework/spring-expression/6.2.8/spring-expression-6.2.8.jar:/home/olw/.m2/repository/io/micrometer/micrometer-observation/1.15.1/micrometer-observation-1.15.1.jar:/home/olw/.m2/repository/io/micrometer/micrometer-commons/1.15.1/micrometer-commons-1.15.1.jar:/home/olw/.m2/repository/org/springframework/boot/spring-boot-autoconfigure/3.5.3/spring-boot-autoconfigure-3.5.3.jar:/home/olw/.m2/repository/org/springframework/boot/spring-boot-starter-logging/3.5.3/spring-boot-starter-logging-3.5.3.jar:/home/olw/.m2/repository/ch/qos/logback/logback-classic/1.5.18/logback-classic-1.5.18.jar:/home/olw/.m2/repository/ch/qos/logback/logback-core/1.5.18/logback-core-1.5.18.jar:/home/olw/.m2/repository/org/apache/logging/log4j/log4j-to-slf4j/2.24.3/log4j-to-slf4j-2.24.3.jar:/home/olw/.m2/repository/org/apache/logging/log4j/log4j-api/2.24.3/log4j-api-2.24.3.jar:/home/olw/.m2/repository/org/slf4j/jul-to-slf4j/2.0.17/jul-to-slf4j-2.0.17.jar:/home/olw/.m2/repository/jakarta/annotation/jakarta.annotation-api/2.1.1/jakarta.annotation-api-2.1.1.jar:/home/olw/.m2/repository/org/springframework/spring-core/6.2.8/spring-core-6.2.8.jar:/home/olw/.m2/repository/org/springframework/spring-jcl/6.2.8/spring-jcl-6.2.8.jar:/home/olw/.m2/repository/org/yaml/snakeyaml/2.4/snakeyaml-2.4.jar:/home/olw/.m2/repository/eu/europa/ec/itb/gitb-types-jakarta/1.27.1/gitb-types-jakarta-1.27.1.jar:/home/olw/.m2/repository/jakarta/xml/bind/jakarta.xml.bind-api/4.0.2/jakarta.xml.bind-api-4.0.2.jar:/home/olw/.m2/repository/jakarta/activation/jakarta.activation-api/2.1.3/jakarta.activation-api-2.1.3.jar:/home/olw/.m2/repository/jakarta/xml/ws/jakarta.xml.ws-api/4.0.2/jakarta.xml.ws-api-4.0.2.jar:/home/olw/.m2/repository/jakarta/xml/soap/jakarta.xml.soap-api/3.0.2/jakarta.xml.soap-api-3.0.2.jar:/home/olw/.m2/repository/org/apache/cxf/cxf-spring-boot-starter-jaxws/4.1.2/cxf-spring-boot-starter-jaxws-4.1.2.jar:/home/olw/.m2/repository/org/springframework/boot/spring-boot-starter-web/3.5.3/spring-boot-starter-web-3.5.3.jar:/home/olw/.m2/repository/org/springframework/boot/spring-boot-starter-json/3.5.3/spring-boot-starter-json-3.5.3.jar:/home/olw/.m2/repository/com/fasterxml/jackson/core/jackson-databind/2.19.1/jackson-databind-2.19.1.jar:/home/olw/.m2/repository/com/fasterxml/jackson/core/jackson-annotations/2.19.1/jackson-annotations-2.19.1.jar:/home/olw/.m2/repository/com/fasterxml/jackson/core/jackson-core/2.19.1/jackson-core-2.19.1.jar:/home/olw/.m2/repository/com/fasterxml/jackson/datatype/jackson-datatype-jdk8/2.19.1/jackson-datatype-jdk8-2.19.1.jar:/home/olw/.m2/repository/com/fasterxml/jackson/datatype/jackson-datatype-jsr310/2.19.1/jackson-datatype-jsr310-2.19.1.jar:/home/olw/.m2/repository/com/fasterxml/jackson/module/jackson-module-parameter-names/2.19.1/jackson-module-parameter-names-2.19.1.jar:/home/olw/.m2/repository/org/springframework/boot/spring-boot-starter-tomcat/3.5.3/spring-boot-starter-tomcat-3.5.3.jar:/home/olw/.m2/repository/org/apache/tomcat/embed/tomcat-embed-core/10.1.42/tomcat-embed-core-10.1.42.jar:/home/olw/.m2/repository/org/apache/tomcat/embed/tomcat-embed-websocket/10.1.42/tomcat-embed-websocket-10.1.42.jar:/home/olw/.m2/repository/org/springframework/spring-web/6.2.8/spring-web-6.2.8.jar:/home/olw/.m2/repository/org/springframework/spring-webmvc/6.2.8/spring-webmvc-6.2.8.jar:/home/olw/.m2/repository/org/apache/cxf/cxf-spring-boot-autoconfigure/4.1.2/cxf-spring-boot-autoconfigure-4.1.2.jar:/home/olw/.m2/repository/org/apache/cxf/cxf-rt-transports-http/4.1.2/cxf-rt-transports-http-4.1.2.jar:/home/olw/.m2/repository/org/apache/cxf/cxf-core/4.1.2/cxf-core-4.1.2.jar:/home/olw/.m2/repository/org/glassfish/jaxb/jaxb-runtime/4.0.5/jaxb-runtime-4.0.5.jar:/home/olw/.m2/repository/org/glassfish/jaxb/jaxb-core/4.0.5/jaxb-core-4.0.5.jar:/home/olw/.m2/repository/org/glassfish/jaxb/txw2/4.0.5/txw2-4.0.5.jar:/home/olw/.m2/repository/com/sun/istack/istack-commons-runtime/4.1.2/istack-commons-runtime-4.1.2.jar:/home/olw/.m2/repository/com/fasterxml/woodstox/woodstox-core/7.1.0/woodstox-core-7.1.0.jar:/home/olw/.m2/repository/org/codehaus/woodstox/stax2-api/4.2.2/stax2-api-4.2.2.jar:/home/olw/.m2/repository/org/apache/ws/xmlschema/xmlschema-core/2.3.1/xmlschema-core-2.3.1.jar:/home/olw/.m2/repository/org/apache/cxf/cxf-rt-frontend-jaxws/4.1.2/cxf-rt-frontend-jaxws-4.1.2.jar:/home/olw/.m2/repository/xml-resolver/xml-resolver/1.2/xml-resolver-1.2.jar:/home/olw/.m2/repository/org/ow2/asm/asm/9.8/asm-9.8.jar:/home/olw/.m2/repository/org/apache/cxf/cxf-rt-bindings-soap/4.1.2/cxf-rt-bindings-soap-4.1.2.jar:/home/olw/.m2/repository/org/apache/cxf/cxf-rt-wsdl/4.1.2/cxf-rt-wsdl-4.1.2.jar:/home/olw/.m2/repository/wsdl4j/wsdl4j/1.6.3/wsdl4j-1.6.3.jar:/home/olw/.m2/repository/org/apache/cxf/cxf-rt-databinding-jaxb/4.1.2/cxf-rt-databinding-jaxb-4.1.2.jar:/home/olw/.m2/repository/org/apache/cxf/cxf-rt-bindings-xml/4.1.2/cxf-rt-bindings-xml-4.1.2.jar:/home/olw/.m2/repository/org/apache/cxf/cxf-rt-frontend-simple/4.1.2/cxf-rt-frontend-simple-4.1.2.jar:/home/olw/.m2/repository/org/eclipse/angus/angus-mail/2.0.3/angus-mail-2.0.3.jar:/home/olw/.m2/repository/jakarta/mail/jakarta.mail-api/2.1.3/jakarta.mail-api-2.1.3.jar:/home/olw/.m2/repository/org/apache/cxf/cxf-rt-ws-addr/4.1.2/cxf-rt-ws-addr-4.1.2.jar:/home/olw/.m2/repository/org/apache/cxf/cxf-rt-ws-policy/4.1.2/cxf-rt-ws-policy-4.1.2.jar:/home/olw/.m2/repository/org/apache/neethi/neethi/3.2.1/neethi-3.2.1.jar:/home/olw/.m2/repository/org/eclipse/angus/angus-activation/2.0.2/angus-activation-2.0.2.jar:/home/olw/.m2/repository/org/apache/cxf/cxf-rt-features-metrics/4.1.2/cxf-rt-features-metrics-4.1.2.jar:/home/olw/.m2/repository/jakarta/validation/jakarta.validation-api/3.0.2/jakarta.validation-api-3.0.2.jar:/home/olw/.m2/repository/org/springframework/boot/spring-boot-starter-validation/3.5.3/spring-boot-starter-validation-3.5.3.jar:/home/olw/.m2/repository/org/apache/tomcat/embed/tomcat-embed-el/10.1.42/tomcat-embed-el-10.1.42.jar:/home/olw/.m2/repository/org/hibernate/validator/hibernate-validator/8.0.2.Final/hibernate-validator-8.0.2.Final.jar:/home/olw/.m2/repository/org/jboss/logging/jboss-logging/3.6.1.Final/jboss-logging-3.6.1.Final.jar:/home/olw/.m2/repository/com/fasterxml/classmate/1.7.0/classmate-1.7.0.jar:/home/olw/.m2/repository/org/springframework/boot/spring-boot-devtools/3.5.3/spring-boot-devtools-3.5.3.jar:/home/olw/.m2/repository/org/springframework/boot/spring-boot-starter-test/3.5.3/spring-boot-starter-test-3.5.3.jar:/home/olw/.m2/repository/org/springframework/boot/spring-boot-test/3.5.3/spring-boot-test-3.5.3.jar:/home/olw/.m2/repository/org/springframework/boot/spring-boot-test-autoconfigure/3.5.3/spring-boot-test-autoconfigure-3.5.3.jar:/home/olw/.m2/repository/com/jayway/jsonpath/json-path/2.9.0/json-path-2.9.0.jar:/home/olw/.m2/repository/org/slf4j/slf4j-api/2.0.17/slf4j-api-2.0.17.jar:/home/olw/.m2/repository/net/minidev/json-smart/2.5.2/json-smart-2.5.2.jar:/home/olw/.m2/repository/net/minidev/accessors-smart/2.5.2/accessors-smart-2.5.2.jar:/home/olw/.m2/repository/org/assertj/assertj-core/3.27.3/assertj-core-3.27.3.jar:/home/olw/.m2/repository/net/bytebuddy/byte-buddy/1.17.6/byte-buddy-1.17.6.jar:/home/olw/.m2/repository/org/awaitility/awaitility/4.2.2/awaitility-4.2.2.jar:/home/olw/.m2/repository/org/hamcrest/hamcrest/3.0/hamcrest-3.0.jar:/home/olw/.m2/repository/org/junit/jupiter/junit-jupiter/5.12.2/junit-jupiter-5.12.2.jar:/home/olw/.m2/repository/org/junit/jupiter/junit-jupiter-api/5.12.2/junit-jupiter-api-5.12.2.jar:/home/olw/.m2/repository/org/opentest4j/opentest4j/1.3.0/opentest4j-1.3.0.jar:/home/olw/.m2/repository/org/junit/platform/junit-platform-commons/1.12.2/junit-platform-commons-1.12.2.jar:/home/olw/.m2/repository/org/apiguardian/apiguardian-api/1.1.2/apiguardian-api-1.1.2.jar:/home/olw/.m2/repository/org/junit/jupiter/junit-jupiter-params/5.12.2/junit-jupiter-params-5.12.2.jar:/home/olw/.m2/repository/org/junit/jupiter/junit-jupiter-engine/5.12.2/junit-jupiter-engine-5.12.2.jar:/home/olw/.m2/repository/org/junit/platform/junit-platform-engine/1.12.2/junit-platform-engine-1.12.2.jar:/home/olw/.m2/repository/org/mockito/mockito-core/5.17.0/mockito-core-5.17.0.jar:/home/olw/.m2/repository/net/bytebuddy/byte-buddy-agent/1.17.6/byte-buddy-agent-1.17.6.jar:/home/olw/.m2/repository/org/objenesis/objenesis/3.3/objenesis-3.3.jar:/home/olw/.m2/repository/org/mockito/mockito-junit-jupiter/5.17.0/mockito-junit-jupiter-5.17.0.jar:/home/olw/.m2/repository/org/skyscreamer/jsonassert/1.5.3/jsonassert-1.5.3.jar:/home/olw/.m2/repository/com/vaadin/external/google/android-json/0.0.20131108.vaadin1/android-json-0.0.20131108.vaadin1.jar:/home/olw/.m2/repository/org/springframework/spring-test/6.2.8/spring-test-6.2.8.jar:/home/olw/.m2/repository/org/xmlunit/xmlunit-core/2.10.2/xmlunit-core-2.10.2.jar:"/>
    <property name="sun.cpu.endian" value="little"/>
    <property name="user.home" value="/home/olw"/>
    <property name="user.language" value="en"/>
    <property name="java.specification.vendor" value="Oracle Corporation"/>
    <property name="java.version.date" value="2025-04-15"/>
    <property name="java.home" value="/usr/lib/jvm/java-17-openjdk-amd64"/>
    <property name="file.separator" value="/"/>
    <property name="basedir" value="/home/olw/development/Misc/ITBTestBed/services/JSONPathProcessor/ehmi-test-services"/>
    <property name="java.vm.compressedOopsMode" value="Zero based"/>
    <property name="line.separator" value="&#10;"/>
    <property name="java.specification.name" value="Java Platform API Specification"/>
    <property name="java.vm.specification.vendor" value="Oracle Corporation"/>
    <property name="FILE_LOG_CHARSET" value="UTF-8"/>
    <property name="java.awt.headless" value="true"/>
    <property name="surefire.real.class.path" value="/home/olw/development/Misc/ITBTestBed/services/JSONPathProcessor/ehmi-test-services/target/surefire/surefirebooter-20250730110737212_3.jar"/>
    <property name="sun.management.compiler" value="HotSpot 64-Bit Tiered Compilers"/>
    <property name="java.runtime.version" value="17.0.15+6-Ubuntu-0ubuntu124.04"/>
    <property name="user.name" value="olw"/>
    <property name="path.separator" value=":"/>
    <property name="os.version" value="5.15.167.4-microsoft-standard-WSL2"/>
    <property name="java.runtime.name" value="OpenJDK Runtime Environment"/>
    <property name="file.encoding" value="UTF-8"/>
    <property name="java.vm.name" value="OpenJDK 64-Bit Server VM"/>
    <property name="localRepository" value="/home/olw/.m2/repository"/>
    <property name="java.vendor.url.bug" value="https://bugs.launchpad.net/ubuntu/+source/openjdk-17"/>
    <property name="java.io.tmpdir" value="/tmp"/>
    <property name="java.version" value="17.0.15"/>
    <property name="user.dir" value="/home/olw/development/Misc/ITBTestBed/services/JSONPathProcessor/ehmi-test-services"/>
    <property name="os.arch" value="amd64"/>
    <property name="java.vm.specification.name" value="Java Virtual Machine Specification"/>
    <property name="PID" value="29811"/>
    <property name="CONSOLE_LOG_CHARSET" value="UTF-8"/>
    <property name="native.encoding" value="UTF-8"/>
    <property name="java.library.path" value="/usr/java/packages/lib:/usr/lib/x86_64-linux-gnu/jni:/lib/x86_64-linux-gnu:/usr/lib/x86_64-linux-gnu:/usr/lib/jni:/lib:/usr/lib"/>
    <property name="java.vm.info" value="mixed mode, sharing"/>
    <property name="java.vendor" value="Ubuntu"/>
    <property name="java.vm.version" value="17.0.15+6-Ubuntu-0ubuntu124.04"/>
    <property name="java.specification.maintenance.version" value="1"/>
    <property name="sun.io.unicode.encoding" value="UnicodeLittle"/>
    <property name="java.class.version" value="61.0"/>
  </properties>
  <testcase name="contextLoads" classname="medcom.dk.ApplicationTest" time="0.398">
    <system-out><![CDATA[11:07:41.101 [main] INFO org.springframework.test.context.support.AnnotationConfigContextLoaderUtils -- Could not detect default configuration classes for test class [medcom.dk.ApplicationTest]: ApplicationTest does not declare any static, non-private, non-final, nested classes annotated with @Configuration.
11:07:41.198 [main] INFO org.springframework.boot.test.context.SpringBootTestContextBootstrapper -- Found @SpringBootConfiguration medcom.dk.Application for test class medcom.dk.ApplicationTest
11:07:41.326 [main] INFO org.springframework.boot.devtools.restart.RestartApplicationListener -- Restart disabled due to context in which it is running

  .   ____          _            __ _ _
 /\\ / ___'_ __ _ _(_)_ __  __ _ \ \ \ \
( ( )\___ | '_ | '_| | '_ \/ _` | \ \ \ \
 \\/  ___)| |_)| | | | | || (_| |  ) ) ) )
  '  |____| .__|_| |_|_| |_\__, | / / / /
 =========|_|==============|___/=/_/_/_/

 :: Spring Boot ::                (v3.5.3)

2025-07-30T11:07:41.528+02:00  INFO 29811 --- [           main] medcom.dk.ApplicationTest                : Starting ApplicationTest using Java 17.0.15 with PID 29811 (started by olw in /home/olw/development/Misc/ITBTestBed/services/JSONPathProcessor/ehmi-test-services)
2025-07-30T11:07:41.529+02:00  INFO 29811 --- [           main] medcom.dk.ApplicationTest                : No active profile set, falling back to 1 default profile: "default"
2025-07-30T11:07:42.448+02:00  INFO 29811 --- [           main] o.a.c.w.s.f.ReflectionServiceFactoryBean : Creating Service {http://www.gitb.com/ps/v1/}ProcessingServiceService from class com.gitb.ps.ProcessingService
2025-07-30T11:07:42.869+02:00  INFO 29811 --- [           main] org.apache.cxf.endpoint.ServerImpl       : Setting the server's publish address to be /process
2025-07-30T11:07:43.268+02:00  INFO 29811 --- [           main] medcom.dk.ApplicationTest                : Started ApplicationTest in 1.952 seconds (process running for 2.69)
]]></system-out>
  </testcase>
</testsuite>